<?xml version="1.0" encoding="UTF-8"?>
<testng-results skipped="0" failed="0" ignored="0" total="1" passed="1">
  <reporter-output>
  </reporter-output>
  <suite name="Suite" duration-ms="17900" started-at="2021-02-28T18:12:02Z" finished-at="2021-02-28T18:12:20Z">
    <groups>
    </groups>
    <test name="Test" duration-ms="17900" started-at="2021-02-28T18:12:02Z" finished-at="2021-02-28T18:12:20Z">
      <class name="com.easybus.scripts.TicketBookTask">
        <test-method status="PASS" signature="openBrowser()[pri:0, instance:com.easybus.scripts.TicketBookTask@4afcd809]" name="openBrowser" is-config="true" duration-ms="9004" started-at="2021-02-28T18:12:02Z" finished-at="2021-02-28T18:12:11Z">
          <reporter-output>
          </reporter-output>
        </test-method> <!-- openBrowser -->
        <test-method status="PASS" signature="bookTicket()[pri:0, instance:com.easybus.scripts.TicketBookTask@4afcd809]" name="bookTicket" duration-ms="8758" started-at="2021-02-28T18:12:11Z" finished-at="2021-02-28T18:12:20Z">
          <reporter-output>
          </reporter-output>
        </test-method> <!-- bookTicket -->
        <test-method status="PASS" signature="closeBrowser()[pri:0, instance:com.easybus.scripts.TicketBookTask@4afcd809]" name="closeBrowser" is-config="true" duration-ms="114" started-at="2021-02-28T18:12:20Z" finished-at="2021-02-28T18:12:20Z">
          <reporter-output>
          </reporter-output>
        </test-method> <!-- closeBrowser -->
      </class> <!-- com.easybus.scripts.TicketBookTask -->
    </test> <!-- Test -->
  </suite> <!-- Suite -->
</testng-results>
